a:\github_svp\svp-challenge\build\main.dir\debug\vc143.pdb
a:\github_svp\svp-challenge\build\main.dir\debug\deeplll.obj
a:\github_svp\svp-challenge\build\main.dir\debug\gsoupdate-deeplll_partial.obj
a:\github_svp\svp-challenge\build\main.dir\debug\size-reduce_partial.obj
a:\github_svp\svp-challenge\build\main.dir\debug\gsoupdate-lll_partial.obj
a:\github_svp\svp-challenge\build\main.dir\debug\gram_schmidt.obj
a:\github_svp\svp-challenge\build\cmakefiles\generate.stamp
a:\github_svp\svp-challenge\build\debug\main.exe
a:\github_svp\svp-challenge\build\debug\main.pdb
a:\github_svp\svp-challenge\build\main.dir\debug\main.ilk
a:\github_svp\svp-challenge\build\main.dir\debug\main.obj
a:\github_svp\svp-challenge\build\main.dir\debug\main.tlog\cl.command.1.tlog
a:\github_svp\svp-challenge\build\main.dir\debug\main.tlog\cl.items.tlog
a:\github_svp\svp-challenge\build\main.dir\debug\main.tlog\cl.write.1.tlog
a:\github_svp\svp-challenge\build\main.dir\debug\main.tlog\custombuild.command.1.tlog
a:\github_svp\svp-challenge\build\main.dir\debug\main.tlog\custombuild.read.1.tlog
a:\github_svp\svp-challenge\build\main.dir\debug\main.tlog\custombuild.write.1.tlog
a:\github_svp\svp-challenge\build\main.dir\debug\main.tlog\link.command.1.tlog
a:\github_svp\svp-challenge\build\main.dir\debug\main.tlog\link.read.1.tlog
a:\github_svp\svp-challenge\build\main.dir\debug\main.tlog\link.secondary.1.tlog
a:\github_svp\svp-challenge\build\main.dir\debug\main.tlog\link.write.1.tlog
